{"C:\\Users\\Noelle\\Desktop\\307\\Noteworthy\\sprint 1\\attempt-4\\NoteWorthy\\packages\\express-backend\\Note.js": {"path":"C:\\Users\\Noelle\\Desktop\\307\\Noteworthy\\sprint 1\\attempt-4\\NoteWorthy\\packages\\express-backend\\Note.js","statementMap":{"0":{"start":{"line":5,"column":19},"end":{"line":37,"column":1}},"1":{"start":{"line":39,"column":0},"end":{"line":50,"column":3}},"2":{"start":{"line":40,"column":2},"end":{"line":49,"column":3}},"3":{"start":{"line":41,"column":26},"end":{"line":41,"column":52}},"4":{"start":{"line":42,"column":27},"end":{"line":42,"column":77}},"5":{"start":{"line":43,"column":4},"end":{"line":45,"column":5}},"6":{"start":{"line":44,"column":6},"end":{"line":44,"column":49}},"7":{"start":{"line":46,"column":4},"end":{"line":46,"column":11}},"8":{"start":{"line":48,"column":4},"end":{"line":48,"column":16}},"9":{"start":{"line":53,"column":13},"end":{"line":53,"column":47}}},"fnMap":{"0":{"name":"(anonymous_0)","decl":{"start":{"line":39,"column":23},"end":{"line":39,"column":24}},"loc":{"start":{"line":39,"column":44},"end":{"line":50,"column":1}},"line":39}},"branchMap":{"0":{"loc":{"start":{"line":43,"column":4},"end":{"line":45,"column":5}},"type":"if","locations":[{"start":{"line":43,"column":4},"end":{"line":45,"column":5}},{"start":{},"end":{}}],"line":43}},"s":{"0":1,"1":1,"2":0,"3":0,"4":0,"5":0,"6":0,"7":0,"8":0,"9":1},"f":{"0":0},"b":{"0":[0,0]},"inputSourceMap":null,"_coverageSchema":"1a1c01bbd47fc00a2c39e90264f33305004495a9","hash":"a0b0a6202e25ffabb4a9b7d37706df4839cef699"}
,"C:\\Users\\Noelle\\Desktop\\307\\Noteworthy\\sprint 1\\attempt-4\\NoteWorthy\\packages\\express-backend\\Notebook-Services.js": {"path":"C:\\Users\\Noelle\\Desktop\\307\\Noteworthy\\sprint 1\\attempt-4\\NoteWorthy\\packages\\express-backend\\Notebook-Services.js","statementMap":{"0":{"start":{"line":8,"column":4},"end":{"line":10,"column":5}},"1":{"start":{"line":9,"column":8},"end":{"line":9,"column":75}},"2":{"start":{"line":11,"column":4},"end":{"line":11,"column":47}},"3":{"start":{"line":15,"column":4},"end":{"line":17,"column":5}},"4":{"start":{"line":16,"column":8},"end":{"line":16,"column":75}},"5":{"start":{"line":18,"column":4},"end":{"line":27,"column":7}},"6":{"start":{"line":19,"column":8},"end":{"line":26,"column":9}},"7":{"start":{"line":21,"column":12},"end":{"line":21,"column":86}},"8":{"start":{"line":25,"column":12},"end":{"line":25,"column":93}},"9":{"start":{"line":32,"column":4},"end":{"line":34,"column":5}},"10":{"start":{"line":33,"column":8},"end":{"line":33,"column":75}},"11":{"start":{"line":35,"column":4},"end":{"line":35,"column":48}},"12":{"start":{"line":39,"column":20},"end":{"line":39,"column":41}},"13":{"start":{"line":40,"column":20},"end":{"line":40,"column":34}},"14":{"start":{"line":41,"column":4},"end":{"line":41,"column":19}},"15":{"start":{"line":45,"column":4},"end":{"line":47,"column":5}},"16":{"start":{"line":46,"column":8},"end":{"line":46,"column":75}},"17":{"start":{"line":50,"column":4},"end":{"line":63,"column":7}},"18":{"start":{"line":51,"column":8},"end":{"line":62,"column":9}},"19":{"start":{"line":52,"column":12},"end":{"line":52,"column":86}},"20":{"start":{"line":55,"column":12},"end":{"line":61,"column":15}},"21":{"start":{"line":57,"column":16},"end":{"line":60,"column":19}},"22":{"start":{"line":58,"column":20},"end":{"line":58,"column":36}},"23":{"start":{"line":68,"column":4},"end":{"line":70,"column":5}},"24":{"start":{"line":69,"column":8},"end":{"line":69,"column":75}},"25":{"start":{"line":73,"column":4},"end":{"line":77,"column":5}},"26":{"start":{"line":74,"column":8},"end":{"line":76,"column":9}},"27":{"start":{"line":75,"column":12},"end":{"line":75,"column":79}},"28":{"start":{"line":79,"column":4},"end":{"line":91,"column":7}},"29":{"start":{"line":80,"column":8},"end":{"line":87,"column":9}},"30":{"start":{"line":82,"column":12},"end":{"line":82,"column":86}},"31":{"start":{"line":86,"column":12},"end":{"line":86,"column":28}},"32":{"start":{"line":90,"column":8},"end":{"line":90,"column":21}}},"fnMap":{"0":{"name":"findNotebookById","decl":{"start":{"line":6,"column":9},"end":{"line":6,"column":25}},"loc":{"start":{"line":7,"column":0},"end":{"line":12,"column":1}},"line":7},"1":{"name":"findNotebookByUserIdAndKey","decl":{"start":{"line":14,"column":9},"end":{"line":14,"column":35}},"loc":{"start":{"line":14,"column":50},"end":{"line":29,"column":1}},"line":14},"2":{"name":"(anonymous_2)","decl":{"start":{"line":18,"column":44},"end":{"line":18,"column":45}},"loc":{"start":{"line":18,"column":54},"end":{"line":27,"column":5}},"line":18},"3":{"name":"findNotebookByUserId","decl":{"start":{"line":31,"column":9},"end":{"line":31,"column":29}},"loc":{"start":{"line":31,"column":39},"end":{"line":36,"column":1}},"line":31},"4":{"name":"addNotebook","decl":{"start":{"line":38,"column":9},"end":{"line":38,"column":20}},"loc":{"start":{"line":38,"column":25},"end":{"line":42,"column":1}},"line":38},"5":{"name":"notebookDelete","decl":{"start":{"line":44,"column":9},"end":{"line":44,"column":23}},"loc":{"start":{"line":44,"column":28},"end":{"line":64,"column":1}},"line":44},"6":{"name":"(anonymous_6)","decl":{"start":{"line":50,"column":43},"end":{"line":50,"column":44}},"loc":{"start":{"line":50,"column":53},"end":{"line":63,"column":5}},"line":50},"7":{"name":"(anonymous_7)","decl":{"start":{"line":55,"column":63},"end":{"line":55,"column":64}},"loc":{"start":{"line":55,"column":69},"end":{"line":61,"column":13}},"line":55},"8":{"name":"(anonymous_8)","decl":{"start":{"line":57,"column":64},"end":{"line":57,"column":65}},"loc":{"start":{"line":57,"column":76},"end":{"line":60,"column":17}},"line":57},"9":{"name":"notebookUpdate","decl":{"start":{"line":66,"column":9},"end":{"line":66,"column":23}},"loc":{"start":{"line":67,"column":0},"end":{"line":92,"column":1}},"line":67},"10":{"name":"(anonymous_10)","decl":{"start":{"line":79,"column":76},"end":{"line":79,"column":77}},"loc":{"start":{"line":79,"column":88},"end":{"line":88,"column":5}},"line":79},"11":{"name":"(anonymous_11)","decl":{"start":{"line":89,"column":11},"end":{"line":89,"column":12}},"loc":{"start":{"line":89,"column":22},"end":{"line":91,"column":5}},"line":89}},"branchMap":{"0":{"loc":{"start":{"line":8,"column":4},"end":{"line":10,"column":5}},"type":"if","locations":[{"start":{"line":8,"column":4},"end":{"line":10,"column":5}},{"start":{},"end":{}}],"line":8},"1":{"loc":{"start":{"line":15,"column":4},"end":{"line":17,"column":5}},"type":"if","locations":[{"start":{"line":15,"column":4},"end":{"line":17,"column":5}},{"start":{},"end":{}}],"line":15},"2":{"loc":{"start":{"line":19,"column":8},"end":{"line":26,"column":9}},"type":"if","locations":[{"start":{"line":19,"column":8},"end":{"line":26,"column":9}},{"start":{"line":24,"column":8},"end":{"line":26,"column":9}}],"line":19},"3":{"loc":{"start":{"line":32,"column":4},"end":{"line":34,"column":5}},"type":"if","locations":[{"start":{"line":32,"column":4},"end":{"line":34,"column":5}},{"start":{},"end":{}}],"line":32},"4":{"loc":{"start":{"line":45,"column":4},"end":{"line":47,"column":5}},"type":"if","locations":[{"start":{"line":45,"column":4},"end":{"line":47,"column":5}},{"start":{},"end":{}}],"line":45},"5":{"loc":{"start":{"line":51,"column":8},"end":{"line":62,"column":9}},"type":"if","locations":[{"start":{"line":51,"column":8},"end":{"line":62,"column":9}},{"start":{"line":53,"column":15},"end":{"line":62,"column":9}}],"line":51},"6":{"loc":{"start":{"line":68,"column":4},"end":{"line":70,"column":5}},"type":"if","locations":[{"start":{"line":68,"column":4},"end":{"line":70,"column":5}},{"start":{},"end":{}}],"line":68},"7":{"loc":{"start":{"line":73,"column":4},"end":{"line":77,"column":5}},"type":"if","locations":[{"start":{"line":73,"column":4},"end":{"line":77,"column":5}},{"start":{},"end":{}}],"line":73},"8":{"loc":{"start":{"line":74,"column":8},"end":{"line":76,"column":9}},"type":"if","locations":[{"start":{"line":74,"column":8},"end":{"line":76,"column":9}},{"start":{},"end":{}}],"line":74},"9":{"loc":{"start":{"line":80,"column":8},"end":{"line":87,"column":9}},"type":"if","locations":[{"start":{"line":80,"column":8},"end":{"line":87,"column":9}},{"start":{"line":85,"column":8},"end":{"line":87,"column":9}}],"line":80}},"s":{"0":2,"1":1,"2":1,"3":3,"4":1,"5":2,"6":2,"7":1,"8":1,"9":2,"10":1,"11":1,"12":5,"13":5,"14":5,"15":6,"16":1,"17":5,"18":5,"19":1,"20":4,"21":4,"22":4,"23":0,"24":0,"25":0,"26":0,"27":0,"28":0,"29":0,"30":0,"31":0,"32":0},"f":{"0":2,"1":3,"2":2,"3":2,"4":5,"5":6,"6":5,"7":4,"8":4,"9":0,"10":0,"11":0},"b":{"0":[1,1],"1":[1,2],"2":[1,1],"3":[1,1],"4":[1,5],"5":[1,4],"6":[0,0],"7":[0,0],"8":[0,0],"9":[0,0]},"inputSourceMap":null,"_coverageSchema":"1a1c01bbd47fc00a2c39e90264f33305004495a9","hash":"f6f3f30b0efa9c91c50532b1db338e6e30e7b46f"}
,"C:\\Users\\Noelle\\Desktop\\307\\Noteworthy\\sprint 1\\attempt-4\\NoteWorthy\\packages\\express-backend\\Notebook.js": {"path":"C:\\Users\\Noelle\\Desktop\\307\\Noteworthy\\sprint 1\\attempt-4\\NoteWorthy\\packages\\express-backend\\Notebook.js","statementMap":{"0":{"start":{"line":5,"column":23},"end":{"line":41,"column":1}},"1":{"start":{"line":45,"column":0},"end":{"line":56,"column":5}},"2":{"start":{"line":46,"column":4},"end":{"line":55,"column":5}},"3":{"start":{"line":47,"column":24},"end":{"line":47,"column":46}},"4":{"start":{"line":48,"column":25},"end":{"line":48,"column":67}},"5":{"start":{"line":49,"column":6},"end":{"line":51,"column":7}},"6":{"start":{"line":50,"column":8},"end":{"line":50,"column":47}},"7":{"start":{"line":52,"column":6},"end":{"line":52,"column":13}},"8":{"start":{"line":54,"column":6},"end":{"line":54,"column":18}},"9":{"start":{"line":58,"column":17},"end":{"line":58,"column":59}}},"fnMap":{"0":{"name":"(anonymous_0)","decl":{"start":{"line":45,"column":27},"end":{"line":45,"column":28}},"loc":{"start":{"line":45,"column":48},"end":{"line":56,"column":3}},"line":45}},"branchMap":{"0":{"loc":{"start":{"line":49,"column":6},"end":{"line":51,"column":7}},"type":"if","locations":[{"start":{"line":49,"column":6},"end":{"line":51,"column":7}},{"start":{},"end":{}}],"line":49}},"s":{"0":1,"1":1,"2":5,"3":5,"4":5,"5":5,"6":1,"7":4,"8":1,"9":1},"f":{"0":5},"b":{"0":[1,4]},"inputSourceMap":null,"_coverageSchema":"1a1c01bbd47fc00a2c39e90264f33305004495a9","hash":"07f6ef291779305a912b455215b9af7e3d01013f"}
,"C:\\Users\\Noelle\\Desktop\\307\\Noteworthy\\sprint 1\\attempt-4\\NoteWorthy\\packages\\express-backend\\User-Services.js": {"path":"C:\\Users\\Noelle\\Desktop\\307\\Noteworthy\\sprint 1\\attempt-4\\NoteWorthy\\packages\\express-backend\\User-Services.js","statementMap":{"0":{"start":{"line":9,"column":4},"end":{"line":11,"column":5}},"1":{"start":{"line":10,"column":8},"end":{"line":10,"column":75}},"2":{"start":{"line":12,"column":4},"end":{"line":12,"column":39}},"3":{"start":{"line":16,"column":4},"end":{"line":16,"column":46}},"4":{"start":{"line":20,"column":22},"end":{"line":20,"column":41}},"5":{"start":{"line":21,"column":20},"end":{"line":21,"column":36}},"6":{"start":{"line":22,"column":4},"end":{"line":22,"column":19}},"7":{"start":{"line":26,"column":4},"end":{"line":28,"column":5}},"8":{"start":{"line":27,"column":8},"end":{"line":27,"column":75}},"9":{"start":{"line":31,"column":4},"end":{"line":54,"column":7}},"10":{"start":{"line":32,"column":8},"end":{"line":53,"column":9}},"11":{"start":{"line":33,"column":12},"end":{"line":33,"column":86}},"12":{"start":{"line":36,"column":12},"end":{"line":52,"column":15}},"13":{"start":{"line":38,"column":48},"end":{"line":40,"column":18}},"14":{"start":{"line":39,"column":20},"end":{"line":39,"column":65}},"15":{"start":{"line":43,"column":16},"end":{"line":51,"column":19}},"16":{"start":{"line":44,"column":20},"end":{"line":50,"column":23}},"17":{"start":{"line":45,"column":24},"end":{"line":49,"column":25}},"18":{"start":{"line":46,"column":28},"end":{"line":46,"column":102}},"19":{"start":{"line":48,"column":28},"end":{"line":48,"column":40}},"20":{"start":{"line":59,"column":4},"end":{"line":61,"column":5}},"21":{"start":{"line":60,"column":8},"end":{"line":60,"column":75}},"22":{"start":{"line":62,"column":4},"end":{"line":74,"column":7}},"23":{"start":{"line":63,"column":8},"end":{"line":70,"column":9}},"24":{"start":{"line":65,"column":12},"end":{"line":65,"column":86}},"25":{"start":{"line":69,"column":12},"end":{"line":69,"column":24}},"26":{"start":{"line":73,"column":8},"end":{"line":73,"column":21}}},"fnMap":{"0":{"name":"findUserById","decl":{"start":{"line":7,"column":9},"end":{"line":7,"column":21}},"loc":{"start":{"line":8,"column":0},"end":{"line":13,"column":1}},"line":8},"1":{"name":"findUserByUserName","decl":{"start":{"line":15,"column":9},"end":{"line":15,"column":27}},"loc":{"start":{"line":15,"column":34},"end":{"line":17,"column":1}},"line":15},"2":{"name":"addUser","decl":{"start":{"line":19,"column":9},"end":{"line":19,"column":16}},"loc":{"start":{"line":19,"column":23},"end":{"line":23,"column":1}},"line":19},"3":{"name":"userDelete","decl":{"start":{"line":25,"column":9},"end":{"line":25,"column":19}},"loc":{"start":{"line":25,"column":24},"end":{"line":55,"column":1}},"line":25},"4":{"name":"(anonymous_4)","decl":{"start":{"line":31,"column":39},"end":{"line":31,"column":40}},"loc":{"start":{"line":31,"column":49},"end":{"line":54,"column":5}},"line":31},"5":{"name":"(anonymous_5)","decl":{"start":{"line":36,"column":57},"end":{"line":36,"column":58}},"loc":{"start":{"line":36,"column":70},"end":{"line":52,"column":13}},"line":36},"6":{"name":"(anonymous_6)","decl":{"start":{"line":38,"column":62},"end":{"line":38,"column":63}},"loc":{"start":{"line":38,"column":74},"end":{"line":40,"column":17}},"line":38},"7":{"name":"(anonymous_7)","decl":{"start":{"line":43,"column":65},"end":{"line":43,"column":66}},"loc":{"start":{"line":43,"column":71},"end":{"line":51,"column":17}},"line":43},"8":{"name":"(anonymous_8)","decl":{"start":{"line":44,"column":64},"end":{"line":44,"column":65}},"loc":{"start":{"line":44,"column":72},"end":{"line":50,"column":21}},"line":44},"9":{"name":"userUpdate","decl":{"start":{"line":57,"column":9},"end":{"line":57,"column":19}},"loc":{"start":{"line":58,"column":0},"end":{"line":75,"column":1}},"line":58},"10":{"name":"(anonymous_10)","decl":{"start":{"line":62,"column":72},"end":{"line":62,"column":73}},"loc":{"start":{"line":62,"column":80},"end":{"line":71,"column":5}},"line":62},"11":{"name":"(anonymous_11)","decl":{"start":{"line":72,"column":11},"end":{"line":72,"column":12}},"loc":{"start":{"line":72,"column":22},"end":{"line":74,"column":5}},"line":72}},"branchMap":{"0":{"loc":{"start":{"line":9,"column":4},"end":{"line":11,"column":5}},"type":"if","locations":[{"start":{"line":9,"column":4},"end":{"line":11,"column":5}},{"start":{},"end":{}}],"line":9},"1":{"loc":{"start":{"line":26,"column":4},"end":{"line":28,"column":5}},"type":"if","locations":[{"start":{"line":26,"column":4},"end":{"line":28,"column":5}},{"start":{},"end":{}}],"line":26},"2":{"loc":{"start":{"line":32,"column":8},"end":{"line":53,"column":9}},"type":"if","locations":[{"start":{"line":32,"column":8},"end":{"line":53,"column":9}},{"start":{"line":34,"column":15},"end":{"line":53,"column":9}}],"line":32},"3":{"loc":{"start":{"line":45,"column":24},"end":{"line":49,"column":25}},"type":"if","locations":[{"start":{"line":45,"column":24},"end":{"line":49,"column":25}},{"start":{"line":47,"column":31},"end":{"line":49,"column":25}}],"line":45},"4":{"loc":{"start":{"line":59,"column":4},"end":{"line":61,"column":5}},"type":"if","locations":[{"start":{"line":59,"column":4},"end":{"line":61,"column":5}},{"start":{},"end":{}}],"line":59},"5":{"loc":{"start":{"line":63,"column":8},"end":{"line":70,"column":9}},"type":"if","locations":[{"start":{"line":63,"column":8},"end":{"line":70,"column":9}},{"start":{"line":68,"column":8},"end":{"line":70,"column":9}}],"line":63}},"s":{"0":0,"1":0,"2":0,"3":0,"4":4,"5":4,"6":4,"7":4,"8":0,"9":4,"10":4,"11":0,"12":4,"13":4,"14":0,"15":4,"16":4,"17":4,"18":0,"19":4,"20":0,"21":0,"22":0,"23":0,"24":0,"25":0,"26":0},"f":{"0":0,"1":0,"2":4,"3":4,"4":4,"5":4,"6":0,"7":4,"8":4,"9":0,"10":0,"11":0},"b":{"0":[0,0],"1":[0,4],"2":[0,4],"3":[0,4],"4":[0,0],"5":[0,0]},"inputSourceMap":null,"_coverageSchema":"1a1c01bbd47fc00a2c39e90264f33305004495a9","hash":"48d2d77dec556caf14c27df44213863e309aaee1"}
,"C:\\Users\\Noelle\\Desktop\\307\\Noteworthy\\sprint 1\\attempt-4\\NoteWorthy\\packages\\express-backend\\User.js": {"path":"C:\\Users\\Noelle\\Desktop\\307\\Noteworthy\\sprint 1\\attempt-4\\NoteWorthy\\packages\\express-backend\\User.js","statementMap":{"0":{"start":{"line":3,"column":19},"end":{"line":26,"column":1}},"1":{"start":{"line":28,"column":13},"end":{"line":28,"column":47}}},"fnMap":{},"branchMap":{},"s":{"0":1,"1":1},"f":{},"b":{},"inputSourceMap":null,"_coverageSchema":"1a1c01bbd47fc00a2c39e90264f33305004495a9","hash":"e699a43c181e80535e62d83a9c002dbde07ec8ad"}
,"C:\\Users\\Noelle\\Desktop\\307\\Noteworthy\\sprint 1\\attempt-4\\NoteWorthy\\packages\\express-backend\\db.js": {"path":"C:\\Users\\Noelle\\Desktop\\307\\Noteworthy\\sprint 1\\attempt-4\\NoteWorthy\\packages\\express-backend\\db.js","statementMap":{"0":{"start":{"line":5,"column":0},"end":{"line":5,"column":16}},"1":{"start":{"line":6,"column":0},"end":{"line":6,"column":28}},"2":{"start":{"line":8,"column":0},"end":{"line":13,"column":40}},"3":{"start":{"line":13,"column":20},"end":{"line":13,"column":38}}},"fnMap":{"0":{"name":"(anonymous_0)","decl":{"start":{"line":13,"column":9},"end":{"line":13,"column":10}},"loc":{"start":{"line":13,"column":20},"end":{"line":13,"column":38}},"line":13}},"branchMap":{},"s":{"0":1,"1":1,"2":1,"3":0},"f":{"0":0},"b":{},"inputSourceMap":null,"_coverageSchema":"1a1c01bbd47fc00a2c39e90264f33305004495a9","hash":"f56665cdd736ee469f95f4c3204c478feb1a10ec"}
}
