TN:
SF:Note-Services.js
FN:6,findNoteById
FN:14,findNotesByNotebookAndKey
FN:19,(anonymous_2)
FN:39,findNotesByNotebook
FN:47,(anonymous_4)
FN:56,addNote
FN:62,findNotesByUser
FN:71,(anonymous_7)
FN:79,(anonymous_8)
FN:81,(anonymous_9)
FN:85,(anonymous_10)
FN:91,findNotesByUserAndKey
FN:100,(anonymous_12)
FN:108,(anonymous_13)
FN:110,(anonymous_14)
FN:125,(anonymous_15)
FN:131,noteDelete
FN:136,(anonymous_17)
FN:148,noteUpdate
FN:161,(anonymous_19)
FN:171,(anonymous_20)
FNF:21
FNH:18
FNDA:2,findNoteById
FNDA:3,findNotesByNotebookAndKey
FNDA:2,(anonymous_2)
FNDA:3,findNotesByNotebook
FNDA:2,(anonymous_4)
FNDA:7,addNote
FNDA:3,findNotesByUser
FNDA:2,(anonymous_7)
FNDA:1,(anonymous_8)
FNDA:1,(anonymous_9)
FNDA:1,(anonymous_10)
FNDA:3,findNotesByUserAndKey
FNDA:2,(anonymous_12)
FNDA:1,(anonymous_13)
FNDA:1,(anonymous_14)
FNDA:1,(anonymous_15)
FNDA:8,noteDelete
FNDA:7,(anonymous_17)
FNDA:0,noteUpdate
FNDA:0,(anonymous_19)
FNDA:0,(anonymous_20)
DA:8,2
DA:9,1
DA:11,1
DA:15,3
DA:16,1
DA:18,2
DA:20,2
DA:21,1
DA:24,1
DA:41,3
DA:42,1
DA:46,2
DA:48,2
DA:49,1
DA:52,1
DA:57,7
DA:58,7
DA:59,7
DA:65,3
DA:66,1
DA:70,2
DA:73,2
DA:74,1
DA:77,1
DA:81,1
DA:83,1
DA:87,1
DA:94,3
DA:95,1
DA:99,2
DA:102,2
DA:103,1
DA:106,1
DA:110,1
DA:112,1
DA:127,1
DA:133,8
DA:134,1
DA:136,7
DA:137,7
DA:139,1
DA:143,6
DA:150,0
DA:151,0
DA:155,0
DA:156,0
DA:157,0
DA:161,0
DA:162,0
DA:164,0
DA:168,0
DA:172,0
LF:52
LH:42
BRDA:8,0,0,1
BRDA:8,0,1,1
BRDA:15,1,0,1
BRDA:15,1,1,2
BRDA:20,2,0,1
BRDA:20,2,1,1
BRDA:41,3,0,1
BRDA:41,3,1,2
BRDA:48,4,0,1
BRDA:48,4,1,1
BRDA:65,5,0,1
BRDA:65,5,1,2
BRDA:73,6,0,1
BRDA:73,6,1,1
BRDA:94,7,0,1
BRDA:94,7,1,2
BRDA:102,8,0,1
BRDA:102,8,1,1
BRDA:133,9,0,1
BRDA:133,9,1,7
BRDA:137,10,0,1
BRDA:137,10,1,6
BRDA:150,11,0,0
BRDA:150,11,1,0
BRDA:155,12,0,0
BRDA:155,12,1,0
BRDA:156,13,0,0
BRDA:156,13,1,0
BRDA:162,14,0,0
BRDA:162,14,1,0
BRF:30
BRH:22
end_of_record
TN:
SF:Note.js
FN:39,(anonymous_0)
FNF:1
FNH:1
FNDA:7,(anonymous_0)
DA:5,2
DA:39,2
DA:40,7
DA:41,7
DA:42,7
DA:43,7
DA:44,1
DA:46,6
DA:48,1
DA:53,2
LF:10
LH:10
BRDA:43,0,0,1
BRDA:43,0,1,6
BRF:2
BRH:2
end_of_record
TN:
SF:Notebook-Services.js
FN:6,findNotebookById
FN:14,findNotebookByUserIdAndKey
FN:18,(anonymous_2)
FN:31,findNotebookByUserId
FN:38,addNotebook
FN:44,notebookDelete
FN:50,(anonymous_6)
FN:55,(anonymous_7)
FN:57,(anonymous_8)
FN:66,notebookUpdate
FN:79,(anonymous_10)
FN:89,(anonymous_11)
FNF:12
FNH:9
FNDA:2,findNotebookById
FNDA:3,findNotebookByUserIdAndKey
FNDA:2,(anonymous_2)
FNDA:2,findNotebookByUserId
FNDA:11,addNotebook
FNDA:12,notebookDelete
FNDA:11,(anonymous_6)
FNDA:10,(anonymous_7)
FNDA:10,(anonymous_8)
FNDA:0,notebookUpdate
FNDA:0,(anonymous_10)
FNDA:0,(anonymous_11)
DA:8,2
DA:9,1
DA:11,1
DA:15,3
DA:16,1
DA:18,2
DA:19,2
DA:21,1
DA:25,1
DA:32,2
DA:33,1
DA:35,1
DA:39,11
DA:40,11
DA:41,11
DA:45,12
DA:46,1
DA:50,11
DA:51,11
DA:52,1
DA:55,10
DA:57,10
DA:58,10
DA:68,0
DA:69,0
DA:73,0
DA:74,0
DA:75,0
DA:79,0
DA:80,0
DA:82,0
DA:86,0
DA:90,0
LF:33
LH:23
BRDA:8,0,0,1
BRDA:8,0,1,1
BRDA:15,1,0,1
BRDA:15,1,1,2
BRDA:19,2,0,1
BRDA:19,2,1,1
BRDA:32,3,0,1
BRDA:32,3,1,1
BRDA:45,4,0,1
BRDA:45,4,1,11
BRDA:51,5,0,1
BRDA:51,5,1,10
BRDA:68,6,0,0
BRDA:68,6,1,0
BRDA:73,7,0,0
BRDA:73,7,1,0
BRDA:74,8,0,0
BRDA:74,8,1,0
BRDA:80,9,0,0
BRDA:80,9,1,0
BRF:20
BRH:12
end_of_record
TN:
SF:Notebook.js
FN:45,(anonymous_0)
FNF:1
FNH:1
FNDA:11,(anonymous_0)
DA:5,2
DA:45,2
DA:46,11
DA:47,11
DA:48,11
DA:49,11
DA:50,1
DA:52,10
DA:54,1
DA:58,2
LF:10
LH:10
BRDA:49,0,0,1
BRDA:49,0,1,10
BRF:2
BRH:2
end_of_record
TN:
SF:User-Services.js
FN:7,findUserById
FN:15,findUserByUserName
FN:19,addUser
FN:25,userDelete
FN:31,(anonymous_4)
FN:37,(anonymous_5)
FN:39,(anonymous_6)
FN:44,(anonymous_7)
FN:45,(anonymous_8)
FN:58,userUpdate
FN:63,(anonymous_10)
FN:73,(anonymous_11)
FNF:12
FNH:6
FNDA:0,findUserById
FNDA:0,findUserByUserName
FNDA:10,addUser
FNDA:10,userDelete
FNDA:10,(anonymous_4)
FNDA:10,(anonymous_5)
FNDA:0,(anonymous_6)
FNDA:10,(anonymous_7)
FNDA:10,(anonymous_8)
FNDA:0,userUpdate
FNDA:0,(anonymous_10)
FNDA:0,(anonymous_11)
DA:9,0
DA:10,0
DA:12,0
DA:16,0
DA:20,10
DA:21,10
DA:22,10
DA:26,10
DA:27,0
DA:31,10
DA:32,10
DA:34,0
DA:37,10
DA:39,10
DA:40,0
DA:44,10
DA:45,10
DA:46,10
DA:47,0
DA:49,10
DA:60,0
DA:61,0
DA:63,0
DA:64,0
DA:66,0
DA:70,0
DA:74,0
LF:27
LH:12
BRDA:9,0,0,0
BRDA:9,0,1,0
BRDA:26,1,0,0
BRDA:26,1,1,10
BRDA:32,2,0,0
BRDA:32,2,1,10
BRDA:46,3,0,0
BRDA:46,3,1,10
BRDA:60,4,0,0
BRDA:60,4,1,0
BRDA:64,5,0,0
BRDA:64,5,1,0
BRF:12
BRH:3
end_of_record
TN:
SF:User.js
FNF:0
FNH:0
DA:3,2
DA:28,2
LF:2
LH:2
BRF:0
BRH:0
end_of_record
TN:
SF:db.js
FN:13,(anonymous_0)
FNF:1
FNH:0
FNDA:0,(anonymous_0)
DA:5,2
DA:6,2
DA:8,2
DA:13,0
LF:4
LH:3
BRF:0
BRH:0
end_of_record
