TN:
SF:Note.js
FN:39,(anonymous_0)
FNF:1
FNH:0
FNDA:0,(anonymous_0)
DA:5,1
DA:39,1
DA:40,0
DA:41,0
DA:42,0
DA:43,0
DA:44,0
DA:46,0
DA:48,0
DA:53,1
LF:10
LH:3
BRDA:43,0,0,0
BRDA:43,0,1,0
BRF:2
BRH:0
end_of_record
TN:
SF:Notebook-Services.js
FN:6,findNotebookById
FN:14,findNotebookByUserIdAndKey
FN:18,(anonymous_2)
FN:31,findNotebookByUserId
FN:38,addNotebook
FN:44,notebookDelete
FN:50,(anonymous_6)
FN:55,(anonymous_7)
FN:57,(anonymous_8)
FN:66,notebookUpdate
FN:79,(anonymous_10)
FN:89,(anonymous_11)
FNF:12
FNH:9
FNDA:2,findNotebookById
FNDA:3,findNotebookByUserIdAndKey
FNDA:2,(anonymous_2)
FNDA:2,findNotebookByUserId
FNDA:5,addNotebook
FNDA:6,notebookDelete
FNDA:5,(anonymous_6)
FNDA:4,(anonymous_7)
FNDA:4,(anonymous_8)
FNDA:0,notebookUpdate
FNDA:0,(anonymous_10)
FNDA:0,(anonymous_11)
DA:8,2
DA:9,1
DA:11,1
DA:15,3
DA:16,1
DA:18,2
DA:19,2
DA:21,1
DA:25,1
DA:32,2
DA:33,1
DA:35,1
DA:39,5
DA:40,5
DA:41,5
DA:45,6
DA:46,1
DA:50,5
DA:51,5
DA:52,1
DA:55,4
DA:57,4
DA:58,4
DA:68,0
DA:69,0
DA:73,0
DA:74,0
DA:75,0
DA:79,0
DA:80,0
DA:82,0
DA:86,0
DA:90,0
LF:33
LH:23
BRDA:8,0,0,1
BRDA:8,0,1,1
BRDA:15,1,0,1
BRDA:15,1,1,2
BRDA:19,2,0,1
BRDA:19,2,1,1
BRDA:32,3,0,1
BRDA:32,3,1,1
BRDA:45,4,0,1
BRDA:45,4,1,5
BRDA:51,5,0,1
BRDA:51,5,1,4
BRDA:68,6,0,0
BRDA:68,6,1,0
BRDA:73,7,0,0
BRDA:73,7,1,0
BRDA:74,8,0,0
BRDA:74,8,1,0
BRDA:80,9,0,0
BRDA:80,9,1,0
BRF:20
BRH:12
end_of_record
TN:
SF:Notebook.js
FN:45,(anonymous_0)
FNF:1
FNH:1
FNDA:5,(anonymous_0)
DA:5,1
DA:45,1
DA:46,5
DA:47,5
DA:48,5
DA:49,5
DA:50,1
DA:52,4
DA:54,1
DA:58,1
LF:10
LH:10
BRDA:49,0,0,1
BRDA:49,0,1,4
BRF:2
BRH:2
end_of_record
TN:
SF:User-Services.js
FN:7,findUserById
FN:15,findUserByUserName
FN:19,addUser
FN:25,userDelete
FN:31,(anonymous_4)
FN:36,(anonymous_5)
FN:38,(anonymous_6)
FN:43,(anonymous_7)
FN:44,(anonymous_8)
FN:57,userUpdate
FN:62,(anonymous_10)
FN:72,(anonymous_11)
FNF:12
FNH:6
FNDA:0,findUserById
FNDA:0,findUserByUserName
FNDA:4,addUser
FNDA:4,userDelete
FNDA:4,(anonymous_4)
FNDA:4,(anonymous_5)
FNDA:0,(anonymous_6)
FNDA:4,(anonymous_7)
FNDA:4,(anonymous_8)
FNDA:0,userUpdate
FNDA:0,(anonymous_10)
FNDA:0,(anonymous_11)
DA:9,0
DA:10,0
DA:12,0
DA:16,0
DA:20,4
DA:21,4
DA:22,4
DA:26,4
DA:27,0
DA:31,4
DA:32,4
DA:33,0
DA:36,4
DA:38,4
DA:39,0
DA:43,4
DA:44,4
DA:45,4
DA:46,0
DA:48,4
DA:59,0
DA:60,0
DA:62,0
DA:63,0
DA:65,0
DA:69,0
DA:73,0
LF:27
LH:12
BRDA:9,0,0,0
BRDA:9,0,1,0
BRDA:26,1,0,0
BRDA:26,1,1,4
BRDA:32,2,0,0
BRDA:32,2,1,4
BRDA:45,3,0,0
BRDA:45,3,1,4
BRDA:59,4,0,0
BRDA:59,4,1,0
BRDA:63,5,0,0
BRDA:63,5,1,0
BRF:12
BRH:3
end_of_record
TN:
SF:User.js
FNF:0
FNH:0
DA:3,1
DA:28,1
LF:2
LH:2
BRF:0
BRH:0
end_of_record
TN:
SF:db.js
FN:13,(anonymous_0)
FNF:1
FNH:0
FNDA:0,(anonymous_0)
DA:5,1
DA:6,1
DA:8,1
DA:13,0
LF:4
LH:3
BRF:0
BRH:0
end_of_record
